
/home/runner/work/exp-creep-high-temperature-iitk/exp-creep-high-temperature-iitk/experiment/simulation/js/components.js
     1:10  warning  'VernierCaliper' is defined but never used                       no-unused-vars
     5:23  warning  'SAMPLE_ASSETS_PATH' is not defined                              no-undef
    29:22  warning  'ContextMenu' is not defined                                     no-undef
    29:43  warning  'ContextMenu' is not defined                                     no-undef
    57:9   warning  'rulerMidPointY' is assigned a value but never used              no-unused-vars
    68:7   warning  'precision' is assigned a value but never used                   no-unused-vars
    70:7   warning  'LC' is assigned a value but never used                          no-unused-vars
    73:7   warning  'zeroError' is already defined                                   no-redeclare
    74:7   warning  'displayInfo' is assigned a value but never used                 no-unused-vars
    75:7   warning  'objectWidthPixel' is assigned a value but never used            no-unused-vars
    77:7   warning  'randomZeroError' is assigned a value but never used             no-unused-vars
    78:7   warning  'randomMainScaleDivisions' is assigned a value but never used    no-unused-vars
    79:7   warning  'randomVernierScaleDivision' is assigned a value but never used  no-unused-vars
    80:7   warning  'randomObjectWidthPixel' is assigned a value but never used      no-unused-vars
   104:7   warning  'startY' is defined but never used                               no-unused-vars
   153:23  warning  'ContextMenu' is not defined                                     no-undef
   179:11  warning  'utm' is not defined                                             no-undef
   179:18  warning  'utm' is not defined                                             no-undef
   189:11  warning  'utm' is not defined                                             no-undef
   189:18  warning  'utm' is not defined                                             no-undef
   227:67  warning  'getMainScaleReading' is not defined                             no-undef
   296:5   warning  'boundary' is not defined                                        no-undef
   306:13  warning  'boundary' is not defined                                        no-undef
   306:34  warning  'boundary' is not defined                                        no-undef
   306:55  warning  'boundary' is not defined                                        no-undef
   306:76  warning  'boundary' is not defined                                        no-undef
   316:5   warning  'boundary' is not defined                                        no-undef
   326:13  warning  'boundary' is not defined                                        no-undef
   326:34  warning  'boundary' is not defined                                        no-undef
   326:55  warning  'boundary' is not defined                                        no-undef
   326:76  warning  'boundary' is not defined                                        no-undef
   392:29  warning  'event' is defined but never used                                no-unused-vars
   422:27  warning  'event' is defined but never used                                no-unused-vars
   475:23  warning  'ContextMenu' is not defined                                     no-undef
   484:15  warning  'sample1' is not defined                                         no-undef
   553:10  warning  'UTM' is defined but never used                                  no-unused-vars
   560:7   warning  'imgUTMPiller1' is assigned a value but never used               no-unused-vars
   561:7   warning  'imgUTMPiller2' is assigned a value but never used               no-unused-vars
   573:22  warning  'ContextMenu' is not defined                                     no-undef
   573:43  warning  'ContextMenu' is not defined                                     no-undef
   636:23  warning  'ContextMenu' is not defined                                     no-undef
   689:9   warning  'step' is not defined                                            no-undef
   690:22  warning  'step' is not defined                                            no-undef
   701:9   warning  'step' is not defined                                            no-undef
   702:22  warning  'step' is not defined                                            no-undef
   725:5   warning  'boundary' is not defined                                        no-undef
   734:13  warning  'boundary' is not defined                                        no-undef
   734:34  warning  'boundary' is not defined                                        no-undef
   734:55  warning  'boundary' is not defined                                        no-undef
   734:76  warning  'boundary' is not defined                                        no-undef
   753:12  warning  'drawLine' is defined but never used                             no-unused-vars
   760:27  warning  'event' is defined but never used                                no-unused-vars
   773:29  warning  'event' is defined but never used                                no-unused-vars
   782:11  warning  'rect' is assigned a value but never used                        no-unused-vars
   854:23  warning  'ContextMenu' is not defined                                     no-undef
   863:15  warning  'sample1' is not defined                                         no-undef
   916:10  warning  'Sample1' is defined but never used                              no-unused-vars
   919:17  warning  'SAMPLE_ASSETS_PATH' is not defined                              no-undef
   934:22  warning  'ContextMenu' is not defined                                     no-undef
   934:43  warning  'ContextMenu' is not defined                                     no-undef
   936:25  warning  'ContextMenu' is not defined                                     no-undef
   936:50  warning  'ContextMenu' is not defined                                     no-undef
   961:23  warning  'ContextMenu' is not defined                                     no-undef
   969:5   warning  'x' is not defined                                               no-undef
   970:5   warning  'y' is not defined                                               no-undef
   973:7   warning  'x' is not defined                                               no-undef
   973:12  warning  'x' is not defined                                               no-undef
   974:7   warning  'y' is not defined                                               no-undef
   974:12  warning  'y' is not defined                                               no-undef
   979:9   warning  'utm' is not defined                                             no-undef
   980:11  warning  'utm' is not defined                                             no-undef
   982:18  warning  'utm' is not defined                                             no-undef
   987:34  warning  'x' is not defined                                               no-undef
   987:37  warning  'y' is not defined                                               no-undef
   997:9   warning  'step' is not defined                                            no-undef
   998:22  warning  'step' is not defined                                            no-undef
  1009:9   warning  'step' is not defined                                            no-undef
  1010:22  warning  'step' is not defined                                            no-undef
  1024:7   warning  'boundary' is not defined                                        no-undef
  1031:7   warning  'boundary' is not defined                                        no-undef
  1041:13  warning  'boundary' is not defined                                        no-undef
  1041:34  warning  'boundary' is not defined                                        no-undef
  1041:55  warning  'boundary' is not defined                                        no-undef
  1041:76  warning  'boundary' is not defined                                        no-undef
  1060:27  warning  'event' is defined but never used                                no-unused-vars
  1075:11  warning  'utm' is not defined                                             no-undef
  1075:18  warning  'utm' is not defined                                             no-undef
  1075:36  warning  'utm' is not defined                                             no-undef
  1076:9   warning  'utm' is not defined                                             no-undef
  1078:18  warning  'vc' is not defined                                              no-undef
  1078:24  warning  'vc' is not defined                                              no-undef
  1078:41  warning  'vc' is not defined                                              no-undef
  1079:9   warning  'vc' is not defined                                              no-undef

/home/runner/work/exp-creep-high-temperature-iitk/exp-creep-high-temperature-iitk/experiment/simulation/js/context.js
  1:7  warning  'ContextMenu' is defined but never used  no-unused-vars

/home/runner/work/exp-creep-high-temperature-iitk/exp-creep-high-temperature-iitk/experiment/simulation/js/index.js
    2:7   warning  'schema' is assigned a value but never used               no-unused-vars
   21:5   warning  'sampleLength' is assigned a value but never used         no-unused-vars
   22:5   warning  'sampleDiameter' is assigned a value but never used       no-unused-vars
   23:5   warning  'sampleFinalLength' is assigned a value but never used    no-unused-vars
   24:5   warning  'sampleFinalDiameter' is assigned a value but never used  no-unused-vars
   31:9   warning  'vc' is not defined                                       no-undef
   31:13  warning  'vc' is not defined                                       no-undef
   32:9   warning  'sample1' is not defined                                  no-undef
   32:18  warning  'sample1' is not defined                                  no-undef
   37:10  warning  'handle' is defined but never used                        no-unused-vars
   42:10  warning  'handleStep1' is defined but never used                   no-unused-vars
   67:10  warning  'handleStep2' is defined but never used                   no-unused-vars
   82:7   warning  'vc' is not defined                                       no-undef
   82:11  warning  'vc' is not defined                                       no-undef
   83:7   warning  'utm' is not defined                                      no-undef
   83:12  warning  'utm' is not defined                                      no-undef
   84:7   warning  'sample1' is not defined                                  no-undef
   84:16  warning  'sample1' is not defined                                  no-undef
   96:10  warning  'handleStep3' is defined but never used                   no-unused-vars
   99:8   warning  'utm' is not defined                                      no-undef
   99:16  warning  'utm' is not defined                                      no-undef
  104:8   warning  'utm' is not defined                                      no-undef
  263:11  warning  'utm' is not defined                                      no-undef
  351:10  warning  'handleStep4' is defined but never used                   no-unused-vars
  360:3   warning  'utm' is not defined                                      no-undef
  364:10  warning  'handleStep5' is defined but never used                   no-unused-vars
  380:3   warning  'modal' is not defined                                    no-undef
  380:15  warning  'Modal' is not defined                                    no-undef
  456:3   warning  'modal' is not defined                                    no-undef
  466:38  warning  'Chart' is not defined                                    no-undef
  509:10  warning  'showGraph' is defined but never used                     no-unused-vars
  510:3   warning  'graphModal' is not defined                               no-undef
  510:20  warning  'Modal' is not defined                                    no-undef
  520:3   warning  'graphModal' is not defined                               no-undef

/home/runner/work/exp-creep-high-temperature-iitk/exp-creep-high-temperature-iitk/experiment/simulation/js/main.js
   22:9   warning  'UTM' is not defined               no-undef
   24:8   warning  'VernierCaliper' is not defined    no-undef
   26:13  warning  'Sample1' is not defined           no-undef
   59:10  warning  'i' is not defined                 no-undef
   59:18  warning  'i' is not defined                 no-undef
   59:36  warning  'i' is not defined                 no-undef
   60:12  warning  'j' is not defined                 no-undef
   60:20  warning  'j' is not defined                 no-undef
   60:39  warning  'j' is not defined                 no-undef
   61:22  warning  'i' is not defined                 no-undef
   61:25  warning  'j' is not defined                 no-undef
  131:24  warning  'event' is defined but never used  no-unused-vars
  170:5   warning  'img' is not defined               no-undef
  171:5   warning  'img' is not defined               no-undef
  172:5   warning  'img' is not defined               no-undef
  173:5   warning  'img' is not defined               no-undef
  174:33  warning  'img' is not defined               no-undef
  175:24  warning  'img' is not defined               no-undef
  189:40  warning  'e' is defined but never used      no-unused-vars

/home/runner/work/exp-creep-high-temperature-iitk/exp-creep-high-temperature-iitk/experiment/simulation/js/modal.js
    4:7   warning  'Modal' is defined but never used  no-unused-vars
  110:40  warning  'e' is defined but never used      no-unused-vars
  121:40  warning  'e' is defined but never used      no-unused-vars
  132:40  warning  'e' is defined but never used      no-unused-vars

/home/runner/work/exp-creep-high-temperature-iitk/exp-creep-high-temperature-iitk/experiment/simulation/js/popover.js
  39:7  warning  'Popover' is defined but never used  no-unused-vars

✖ 152 problems (0 errors, 152 warnings)

